2023-12-27 13:32:46 - {
  abort = false,
  cmdlevel = 1,
  cmdtype = "/"
}
2023-12-27 13:34:00 - {
  abort = false,
  cmdlevel = 1,
  cmdtype = ":"
}
2023-12-27 13:34:07 - {
  abort = false,
  cmdlevel = 1,
  cmdtype = ":"
}
2023-12-27 13:34:08 - {
  abort = false,
  cmdlevel = 1,
  cmdtype = ":"
}
2023-12-27 13:34:09 - {
  abort = false,
  cmdlevel = 1,
  cmdtype = ":"
}
2023-12-27 13:34:51 - Works!
2023-12-27 13:35:00 - Works!
2023-12-27 13:35:03 - Works!
2023-12-27 13:35:25 - Works!
2023-12-27 13:35:29 - Works!
2023-12-27 13:38:28 - Works!
2023-12-27 13:38:31 - Works!
2023-12-27 13:38:41 - Works!
2023-12-27 13:38:50 - Works!
2023-12-27 14:02:58 - vim.empty_dict()
2023-12-27 14:02:58 - vim.empty_dict()
2023-12-27 14:02:58 - vim.empty_dict()
2023-12-27 14:02:58 - vim.empty_dict()
2023-12-27 14:02:58 - vim.empty_dict()
2023-12-27 14:02:58 - vim.empty_dict()
2023-12-27 14:02:58 - vim.empty_dict()
2023-12-27 14:02:58 - vim.empty_dict()
2023-12-27 14:02:58 - vim.empty_dict()
2023-12-27 14:02:58 - vim.empty_dict()
2023-12-27 14:02:58 - vim.empty_dict()
2023-12-27 14:02:59 - vim.empty_dict()
2023-12-27 14:02:59 - vim.empty_dict()
2023-12-27 14:03:00 - vim.empty_dict()
2023-12-27 14:03:01 - vim.empty_dict()
2023-12-27 14:03:01 - vim.empty_dict()
2023-12-27 14:03:02 - vim.empty_dict()
2023-12-27 14:03:02 - vim.empty_dict()
2023-12-27 14:03:02 - vim.empty_dict()
2023-12-27 14:03:02 - vim.empty_dict()
2023-12-27 14:03:03 - vim.empty_dict()
2023-12-27 14:03:03 - vim.empty_dict()
2023-12-27 14:03:03 - vim.empty_dict()
2023-12-27 14:03:03 - vim.empty_dict()
2023-12-27 14:03:03 - vim.empty_dict()
2023-12-27 14:03:03 - vim.empty_dict()
2023-12-27 14:03:03 - vim.empty_dict()
2023-12-27 14:03:03 - vim.empty_dict()
2023-12-27 14:03:03 - vim.empty_dict()
2023-12-27 14:03:03 - vim.empty_dict()
2023-12-27 14:03:03 - vim.empty_dict()
2023-12-27 14:03:03 - vim.empty_dict()
2023-12-27 14:03:03 - vim.empty_dict()
2023-12-27 14:03:03 - vim.empty_dict()
2023-12-27 14:03:03 - vim.empty_dict()
2023-12-27 14:03:04 - vim.empty_dict()
2023-12-27 14:03:04 - vim.empty_dict()
2023-12-27 14:03:04 - vim.empty_dict()
2023-12-27 14:03:04 - vim.empty_dict()
2023-12-27 14:03:04 - vim.empty_dict()
2023-12-27 14:03:04 - vim.empty_dict()
2023-12-27 14:03:04 - vim.empty_dict()
2023-12-27 14:03:04 - vim.empty_dict()
2023-12-27 14:03:04 - vim.empty_dict()
2023-12-27 14:03:04 - vim.empty_dict()
2023-12-27 14:03:04 - vim.empty_dict()
2023-12-27 14:03:04 - vim.empty_dict()
2023-12-27 14:03:04 - vim.empty_dict()
2023-12-27 14:03:04 - vim.empty_dict()
2023-12-27 14:03:04 - vim.empty_dict()
2023-12-27 14:03:04 - vim.empty_dict()
2023-12-27 14:03:04 - vim.empty_dict()
2023-12-27 14:03:05 - vim.empty_dict()
2023-12-27 14:03:05 - vim.empty_dict()
2023-12-27 14:03:06 - vim.empty_dict()
2023-12-27 14:03:06 - vim.empty_dict()
2023-12-27 14:03:06 - vim.empty_dict()
2023-12-27 14:03:06 - vim.empty_dict()
2023-12-27 14:03:08 - vim.empty_dict()
2023-12-27 14:03:08 - vim.empty_dict()
2023-12-27 14:03:09 - vim.empty_dict()
2023-12-27 14:03:09 - vim.empty_dict()
2023-12-27 14:03:09 - vim.empty_dict()
2023-12-27 14:03:10 - vim.empty_dict()
2023-12-27 14:03:10 - vim.empty_dict()
2023-12-27 14:03:18 - vim.empty_dict()
2023-12-27 14:03:18 - vim.empty_dict()
2023-12-27 14:03:18 - vim.empty_dict()
2023-12-27 14:03:19 - vim.empty_dict()
2023-12-27 14:03:19 - vim.empty_dict()
2023-12-27 14:03:20 - vim.empty_dict()
2023-12-27 14:03:21 - vim.empty_dict()
2023-12-27 14:03:23 - vim.empty_dict()
2023-12-27 14:03:37 - vim.empty_dict()
2023-12-27 14:03:38 - vim.empty_dict()
2023-12-27 14:03:39 - vim.empty_dict()
2023-12-27 14:03:39 - vim.empty_dict()
2023-12-27 14:03:39 - vim.empty_dict()
2023-12-27 14:03:39 - vim.empty_dict()
2023-12-27 14:03:41 - vim.empty_dict()
2023-12-27 14:03:43 - vim.empty_dict()
2023-12-27 14:03:43 - vim.empty_dict()
2023-12-27 14:03:44 - vim.empty_dict()
2023-12-27 14:03:44 - vim.empty_dict()
2023-12-27 14:03:44 - vim.empty_dict()
2023-12-27 14:03:44 - vim.empty_dict()
2023-12-27 14:03:44 - vim.empty_dict()
2023-12-27 14:03:44 - vim.empty_dict()
2023-12-27 14:03:44 - vim.empty_dict()
2023-12-27 14:03:44 - vim.empty_dict()
2023-12-27 14:03:44 - vim.empty_dict()
2023-12-27 14:03:44 - vim.empty_dict()
2023-12-27 14:03:44 - vim.empty_dict()
2023-12-27 14:03:44 - vim.empty_dict()
2023-12-27 14:03:44 - vim.empty_dict()
2023-12-27 14:03:44 - vim.empty_dict()
2023-12-27 14:03:44 - vim.empty_dict()
2023-12-27 14:03:44 - vim.empty_dict()
2023-12-27 14:03:44 - vim.empty_dict()
2023-12-27 14:03:45 - vim.empty_dict()
2023-12-27 14:03:45 - vim.empty_dict()
2023-12-27 14:03:45 - vim.empty_dict()
2023-12-27 14:03:46 - vim.empty_dict()
2023-12-27 14:03:46 - vim.empty_dict()
2023-12-27 14:03:46 - vim.empty_dict()
2023-12-27 14:03:47 - vim.empty_dict()
2023-12-27 14:03:53 - vim.empty_dict()
2023-12-27 14:03:53 - vim.empty_dict()
2023-12-27 14:03:53 - vim.empty_dict()
2023-12-27 14:03:53 - vim.empty_dict()
2023-12-27 14:03:54 - vim.empty_dict()
2023-12-27 14:03:54 - vim.empty_dict()
2023-12-27 14:03:54 - vim.empty_dict()
2023-12-27 14:03:54 - vim.empty_dict()
2023-12-27 14:03:54 - vim.empty_dict()
2023-12-27 14:03:55 - vim.empty_dict()
2023-12-27 14:03:55 - vim.empty_dict()
2023-12-27 14:03:55 - vim.empty_dict()
2023-12-27 14:03:55 - vim.empty_dict()
2023-12-27 14:03:55 - vim.empty_dict()
2023-12-27 14:03:55 - vim.empty_dict()
2023-12-27 14:03:56 - vim.empty_dict()
2023-12-27 14:03:57 - vim.empty_dict()
2023-12-27 14:03:58 - vim.empty_dict()
2023-12-27 14:03:58 - vim.empty_dict()
2023-12-27 14:03:58 - vim.empty_dict()
2023-12-27 14:03:59 - vim.empty_dict()
2023-12-27 14:04:00 - vim.empty_dict()
2023-12-27 14:04:00 - vim.empty_dict()
2023-12-27 14:04:00 - vim.empty_dict()
2023-12-27 14:04:00 - vim.empty_dict()
2023-12-27 14:04:00 - vim.empty_dict()
2023-12-27 14:04:06 - vim.empty_dict()
2023-12-27 14:04:10 - vim.empty_dict()
2023-12-27 14:04:10 - vim.empty_dict()
2023-12-27 14:04:10 - vim.empty_dict()
2023-12-27 14:04:10 - vim.empty_dict()
2023-12-27 14:04:10 - vim.empty_dict()
2023-12-27 14:04:10 - vim.empty_dict()
2023-12-27 14:04:11 - vim.empty_dict()
2023-12-27 14:04:11 - vim.empty_dict()
2023-12-27 14:04:11 - vim.empty_dict()
2023-12-27 14:04:11 - vim.empty_dict()
2023-12-27 14:04:11 - vim.empty_dict()
2023-12-27 14:04:11 - vim.empty_dict()
2023-12-27 14:04:12 - vim.empty_dict()
2023-12-27 14:04:12 - vim.empty_dict()
2023-12-27 14:04:12 - vim.empty_dict()
2023-12-27 14:04:12 - vim.empty_dict()
2023-12-27 14:04:12 - vim.empty_dict()
2023-12-27 14:04:12 - vim.empty_dict()
2023-12-27 14:04:13 - vim.empty_dict()
2023-12-27 14:04:13 - vim.empty_dict()
2023-12-27 14:04:13 - vim.empty_dict()
2023-12-27 14:04:13 - vim.empty_dict()
2023-12-27 14:04:13 - vim.empty_dict()
2023-12-27 14:04:13 - vim.empty_dict()
2023-12-27 14:04:13 - vim.empty_dict()
2023-12-27 14:04:14 - vim.empty_dict()
2023-12-27 14:04:14 - vim.empty_dict()
2023-12-27 14:04:14 - vim.empty_dict()
2023-12-27 14:04:14 - vim.empty_dict()
2023-12-27 14:04:15 - vim.empty_dict()
2023-12-27 14:04:15 - vim.empty_dict()
2023-12-27 14:04:15 - vim.empty_dict()
2023-12-27 14:04:15 - vim.empty_dict()
2023-12-27 14:04:16 - vim.empty_dict()
2023-12-27 14:04:16 - vim.empty_dict()
2023-12-27 14:04:16 - vim.empty_dict()
2023-12-27 14:04:16 - vim.empty_dict()
2023-12-27 14:04:16 - vim.empty_dict()
2023-12-27 14:04:17 - vim.empty_dict()
2023-12-27 14:04:17 - vim.empty_dict()
2023-12-27 14:04:17 - vim.empty_dict()
2023-12-27 14:04:17 - vim.empty_dict()
2023-12-27 14:05:01 - vim.empty_dict()
2023-12-27 14:05:01 - vim.empty_dict()
2023-12-27 14:05:03 - vim.empty_dict()
2023-12-27 14:05:05 - vim.empty_dict()
2023-12-27 14:05:05 - vim.empty_dict()
2023-12-27 14:05:09 - vim.empty_dict()
2023-12-27 14:05:10 - vim.empty_dict()
2023-12-27 14:05:10 - vim.empty_dict()
2023-12-27 14:05:10 - vim.empty_dict()
2023-12-27 14:05:10 - vim.empty_dict()
2023-12-27 14:05:11 - vim.empty_dict()
2023-12-27 14:05:11 - vim.empty_dict()
2023-12-27 14:05:11 - vim.empty_dict()
2023-12-27 14:05:11 - vim.empty_dict()
2023-12-27 14:05:11 - vim.empty_dict()
2023-12-27 14:05:11 - vim.empty_dict()
2023-12-27 14:05:12 - vim.empty_dict()
2023-12-27 14:05:12 - vim.empty_dict()
2023-12-27 14:05:12 - vim.empty_dict()
2023-12-27 14:05:12 - vim.empty_dict()
2023-12-27 14:05:12 - vim.empty_dict()
2023-12-27 14:05:12 - vim.empty_dict()
2023-12-27 14:05:13 - vim.empty_dict()
2023-12-27 14:05:13 - vim.empty_dict()
